[2025-01-20 15:09:01] production.ERROR: No application encryption key has been specified. {"exception":"[object] (Illuminate\\Encryption\\MissingAppKeyException(code: 0): No application encryption key has been specified. at /Users/aldoyh/Projects/github-play/fantastic-parakeet/vendor/laravel/framework/src/Illuminate/Encryption/EncryptionServiceProvider.php:83)
[stacktrace]
#0 /Users/aldoyh/Projects/github-play/fantastic-parakeet/vendor/laravel/framework/src/Illuminate/Support/helpers.php(399): Illuminate\\Encryption\\EncryptionServiceProvider->Illuminate\\Encryption\\{closure}(NULL)
#1 /Users/aldoyh/Projects/github-play/fantastic-parakeet/vendor/laravel/framework/src/Illuminate/Encryption/EncryptionServiceProvider.php(81): tap(NULL, Object(Closure))
#2 /Users/aldoyh/Projects/github-play/fantastic-parakeet/vendor/laravel/framework/src/Illuminate/Encryption/EncryptionServiceProvider.php(64): Illuminate\\Encryption\\EncryptionServiceProvider->key(Array)
#3 /Users/aldoyh/Projects/github-play/fantastic-parakeet/vendor/laravel/framework/src/Illuminate/Encryption/EncryptionServiceProvider.php(32): Illuminate\\Encryption\\EncryptionServiceProvider->parseKey(Array)
#4 /Users/aldoyh/Projects/github-play/fantastic-parakeet/vendor/laravel/framework/src/Illuminate/Container/Container.php(937): Illuminate\\Encryption\\EncryptionServiceProvider->Illuminate\\Encryption\\{closure}(Object(Illuminate\\Foundation\\Application), Array)
#5 /Users/aldoyh/Projects/github-play/fantastic-parakeet/vendor/laravel/framework/src/Illuminate/Container/Container.php(819): Illuminate\\Container\\Container->build(Object(Closure))
#6 /Users/aldoyh/Projects/github-play/fantastic-parakeet/vendor/laravel/framework/src/Illuminate/Foundation/Application.php(1051): Illuminate\\Container\\Container->resolve('encrypter', Array, true)
#7 /Users/aldoyh/Projects/github-play/fantastic-parakeet/vendor/laravel/framework/src/Illuminate/Container/Container.php(755): Illuminate\\Foundation\\Application->resolve('encrypter', Array)
#8 /Users/aldoyh/Projects/github-play/fantastic-parakeet/vendor/laravel/framework/src/Illuminate/Foundation/Application.php(1033): Illuminate\\Container\\Container->make('encrypter', Array)
#9 /Users/aldoyh/Projects/github-play/fantastic-parakeet/vendor/laravel/framework/src/Illuminate/Container/Container.php(1118): Illuminate\\Foundation\\Application->make('encrypter')
#10 /Users/aldoyh/Projects/github-play/fantastic-parakeet/vendor/laravel/framework/src/Illuminate/Container/Container.php(1028): Illuminate\\Container\\Container->resolveClass(Object(ReflectionParameter))
#11 /Users/aldoyh/Projects/github-play/fantastic-parakeet/vendor/laravel/framework/src/Illuminate/Container/Container.php(979): Illuminate\\Container\\Container->resolveDependencies(Array)
#12 /Users/aldoyh/Projects/github-play/fantastic-parakeet/vendor/laravel/framework/src/Illuminate/Container/Container.php(819): Illuminate\\Container\\Container->build('App\\\\Http\\\\Middle...')
#13 /Users/aldoyh/Projects/github-play/fantastic-parakeet/vendor/laravel/framework/src/Illuminate/Foundation/Application.php(1051): Illuminate\\Container\\Container->resolve('App\\\\Http\\\\Middle...', Array, true)
#14 /Users/aldoyh/Projects/github-play/fantastic-parakeet/vendor/laravel/framework/src/Illuminate/Container/Container.php(755): Illuminate\\Foundation\\Application->resolve('App\\\\Http\\\\Middle...', Array)
#15 /Users/aldoyh/Projects/github-play/fantastic-parakeet/vendor/laravel/framework/src/Illuminate/Foundation/Application.php(1033): Illuminate\\Container\\Container->make('App\\\\Http\\\\Middle...', Array)
#16 /Users/aldoyh/Projects/github-play/fantastic-parakeet/vendor/laravel/framework/src/Illuminate/Pipeline/Pipeline.php(198): Illuminate\\Foundation\\Application->make('App\\\\Http\\\\Middle...')
#17 /Users/aldoyh/Projects/github-play/fantastic-parakeet/vendor/laravel/framework/src/Illuminate/Pipeline/Pipeline.php(127): Illuminate\\Pipeline\\Pipeline->Illuminate\\Pipeline\\{closure}(Object(Illuminate\\Http\\Request))
#18 /Users/aldoyh/Projects/github-play/fantastic-parakeet/vendor/laravel/framework/src/Illuminate/Routing/Router.php(807): Illuminate\\Pipeline\\Pipeline->then(Object(Closure))
#19 /Users/aldoyh/Projects/github-play/fantastic-parakeet/vendor/laravel/framework/src/Illuminate/Routing/Router.php(786): Illuminate\\Routing\\Router->runRouteWithinStack(Object(Illuminate\\Routing\\Route), Object(Illuminate\\Http\\Request))
#20 /Users/aldoyh/Projects/github-play/fantastic-parakeet/vendor/laravel/framework/src/Illuminate/Routing/Router.php(750): Illuminate\\Routing\\Router->runRoute(Object(Illuminate\\Http\\Request), Object(Illuminate\\Routing\\Route))
#21 /Users/aldoyh/Projects/github-play/fantastic-parakeet/vendor/laravel/framework/src/Illuminate/Routing/Router.php(739): Illuminate\\Routing\\Router->dispatchToRoute(Object(Illuminate\\Http\\Request))
#22 /Users/aldoyh/Projects/github-play/fantastic-parakeet/vendor/laravel/framework/src/Illuminate/Foundation/Http/Kernel.php(201): Illuminate\\Routing\\Router->dispatch(Object(Illuminate\\Http\\Request))
#23 /Users/aldoyh/Projects/github-play/fantastic-parakeet/vendor/laravel/framework/src/Illuminate/Pipeline/Pipeline.php(170): Illuminate\\Foundation\\Http\\Kernel->Illuminate\\Foundation\\Http\\{closure}(Object(Illuminate\\Http\\Request))
#24 /Users/aldoyh/Projects/github-play/fantastic-parakeet/vendor/laravel/framework/src/Illuminate/Http/Middleware/TrustProxies.php(58): Illuminate\\Pipeline\\Pipeline->Illuminate\\Pipeline\\{closure}(Object(Illuminate\\Http\\Request))
#25 /Users/aldoyh/Projects/github-play/fantastic-parakeet/vendor/laravel/framework/src/Illuminate/Pipeline/Pipeline.php(209): Illuminate\\Http\\Middleware\\TrustProxies->handle(Object(Illuminate\\Http\\Request), Object(Closure))
#26 /Users/aldoyh/Projects/github-play/fantastic-parakeet/vendor/laravel/framework/src/Illuminate/Foundation/Http/Middleware/TransformsRequest.php(21): Illuminate\\Pipeline\\Pipeline->Illuminate\\Pipeline\\{closure}(Object(Illuminate\\Http\\Request))
#27 /Users/aldoyh/Projects/github-play/fantastic-parakeet/vendor/laravel/framework/src/Illuminate/Foundation/Http/Middleware/ConvertEmptyStringsToNull.php(31): Illuminate\\Foundation\\Http\\Middleware\\TransformsRequest->handle(Object(Illuminate\\Http\\Request), Object(Closure))
#28 /Users/aldoyh/Projects/github-play/fantastic-parakeet/vendor/laravel/framework/src/Illuminate/Pipeline/Pipeline.php(209): Illuminate\\Foundation\\Http\\Middleware\\ConvertEmptyStringsToNull->handle(Object(Illuminate\\Http\\Request), Object(Closure))
#29 /Users/aldoyh/Projects/github-play/fantastic-parakeet/vendor/laravel/framework/src/Illuminate/Foundation/Http/Middleware/TransformsRequest.php(21): Illuminate\\Pipeline\\Pipeline->Illuminate\\Pipeline\\{closure}(Object(Illuminate\\Http\\Request))
#30 /Users/aldoyh/Projects/github-play/fantastic-parakeet/vendor/laravel/framework/src/Illuminate/Foundation/Http/Middleware/TrimStrings.php(51): Illuminate\\Foundation\\Http\\Middleware\\TransformsRequest->handle(Object(Illuminate\\Http\\Request), Object(Closure))
#31 /Users/aldoyh/Projects/github-play/fantastic-parakeet/vendor/laravel/framework/src/Illuminate/Pipeline/Pipeline.php(209): Illuminate\\Foundation\\Http\\Middleware\\TrimStrings->handle(Object(Illuminate\\Http\\Request), Object(Closure))
#32 /Users/aldoyh/Projects/github-play/fantastic-parakeet/vendor/laravel/framework/src/Illuminate/Http/Middleware/ValidatePostSize.php(27): Illuminate\\Pipeline\\Pipeline->Illuminate\\Pipeline\\{closure}(Object(Illuminate\\Http\\Request))
#33 /Users/aldoyh/Projects/github-play/fantastic-parakeet/vendor/laravel/framework/src/Illuminate/Pipeline/Pipeline.php(209): Illuminate\\Http\\Middleware\\ValidatePostSize->handle(Object(Illuminate\\Http\\Request), Object(Closure))
#34 /Users/aldoyh/Projects/github-play/fantastic-parakeet/vendor/laravel/framework/src/Illuminate/Foundation/Http/Middleware/PreventRequestsDuringMaintenance.php(110): Illuminate\\Pipeline\\Pipeline->Illuminate\\Pipeline\\{closure}(Object(Illuminate\\Http\\Request))
#35 /Users/aldoyh/Projects/github-play/fantastic-parakeet/vendor/laravel/framework/src/Illuminate/Pipeline/Pipeline.php(209): Illuminate\\Foundation\\Http\\Middleware\\PreventRequestsDuringMaintenance->handle(Object(Illuminate\\Http\\Request), Object(Closure))
#36 /Users/aldoyh/Projects/github-play/fantastic-parakeet/vendor/laravel/framework/src/Illuminate/Pipeline/Pipeline.php(127): Illuminate\\Pipeline\\Pipeline->Illuminate\\Pipeline\\{closure}(Object(Illuminate\\Http\\Request))
#37 /Users/aldoyh/Projects/github-play/fantastic-parakeet/vendor/laravel/framework/src/Illuminate/Foundation/Http/Kernel.php(176): Illuminate\\Pipeline\\Pipeline->then(Object(Closure))
#38 /Users/aldoyh/Projects/github-play/fantastic-parakeet/vendor/laravel/framework/src/Illuminate/Foundation/Http/Kernel.php(145): Illuminate\\Foundation\\Http\\Kernel->sendRequestThroughRouter(Object(Illuminate\\Http\\Request))
#39 /Users/aldoyh/Projects/github-play/fantastic-parakeet/public/index.php(54): Illuminate\\Foundation\\Http\\Kernel->handle(Object(Illuminate\\Http\\Request))
#40 /Users/aldoyh/Projects/github-play/fantastic-parakeet/server.php(21): require_once('/Users/aldoyh/P...')
#41 {main}
"} 
[2025-01-20 15:09:01] production.ERROR: No application encryption key has been specified. {"exception":"[object] (Illuminate\\Encryption\\MissingAppKeyException(code: 0): No application encryption key has been specified. at /Users/aldoyh/Projects/github-play/fantastic-parakeet/vendor/laravel/framework/src/Illuminate/Encryption/EncryptionServiceProvider.php:83)
[stacktrace]
#0 /Users/aldoyh/Projects/github-play/fantastic-parakeet/vendor/laravel/framework/src/Illuminate/Support/helpers.php(399): Illuminate\\Encryption\\EncryptionServiceProvider->Illuminate\\Encryption\\{closure}(NULL)
#1 /Users/aldoyh/Projects/github-play/fantastic-parakeet/vendor/laravel/framework/src/Illuminate/Encryption/EncryptionServiceProvider.php(81): tap(NULL, Object(Closure))
#2 /Users/aldoyh/Projects/github-play/fantastic-parakeet/vendor/laravel/framework/src/Illuminate/Encryption/EncryptionServiceProvider.php(64): Illuminate\\Encryption\\EncryptionServiceProvider->key(Array)
#3 /Users/aldoyh/Projects/github-play/fantastic-parakeet/vendor/laravel/framework/src/Illuminate/Encryption/EncryptionServiceProvider.php(32): Illuminate\\Encryption\\EncryptionServiceProvider->parseKey(Array)
#4 /Users/aldoyh/Projects/github-play/fantastic-parakeet/vendor/laravel/framework/src/Illuminate/Container/Container.php(937): Illuminate\\Encryption\\EncryptionServiceProvider->Illuminate\\Encryption\\{closure}(Object(Illuminate\\Foundation\\Application), Array)
#5 /Users/aldoyh/Projects/github-play/fantastic-parakeet/vendor/laravel/framework/src/Illuminate/Container/Container.php(819): Illuminate\\Container\\Container->build(Object(Closure))
#6 /Users/aldoyh/Projects/github-play/fantastic-parakeet/vendor/laravel/framework/src/Illuminate/Foundation/Application.php(1051): Illuminate\\Container\\Container->resolve('encrypter', Array, true)
#7 /Users/aldoyh/Projects/github-play/fantastic-parakeet/vendor/laravel/framework/src/Illuminate/Container/Container.php(755): Illuminate\\Foundation\\Application->resolve('encrypter', Array)
#8 /Users/aldoyh/Projects/github-play/fantastic-parakeet/vendor/laravel/framework/src/Illuminate/Foundation/Application.php(1033): Illuminate\\Container\\Container->make('encrypter', Array)
#9 /Users/aldoyh/Projects/github-play/fantastic-parakeet/vendor/laravel/framework/src/Illuminate/Container/Container.php(1118): Illuminate\\Foundation\\Application->make('encrypter')
#10 /Users/aldoyh/Projects/github-play/fantastic-parakeet/vendor/laravel/framework/src/Illuminate/Container/Container.php(1028): Illuminate\\Container\\Container->resolveClass(Object(ReflectionParameter))
#11 /Users/aldoyh/Projects/github-play/fantastic-parakeet/vendor/laravel/framework/src/Illuminate/Container/Container.php(979): Illuminate\\Container\\Container->resolveDependencies(Array)
#12 /Users/aldoyh/Projects/github-play/fantastic-parakeet/vendor/laravel/framework/src/Illuminate/Container/Container.php(819): Illuminate\\Container\\Container->build('App\\\\Http\\\\Middle...')
#13 /Users/aldoyh/Projects/github-play/fantastic-parakeet/vendor/laravel/framework/src/Illuminate/Foundation/Application.php(1051): Illuminate\\Container\\Container->resolve('App\\\\Http\\\\Middle...', Array, true)
#14 /Users/aldoyh/Projects/github-play/fantastic-parakeet/vendor/laravel/framework/src/Illuminate/Container/Container.php(755): Illuminate\\Foundation\\Application->resolve('App\\\\Http\\\\Middle...', Array)
#15 /Users/aldoyh/Projects/github-play/fantastic-parakeet/vendor/laravel/framework/src/Illuminate/Foundation/Application.php(1033): Illuminate\\Container\\Container->make('App\\\\Http\\\\Middle...', Array)
#16 /Users/aldoyh/Projects/github-play/fantastic-parakeet/vendor/laravel/framework/src/Illuminate/Foundation/Http/Kernel.php(258): Illuminate\\Foundation\\Application->make('App\\\\Http\\\\Middle...')
#17 /Users/aldoyh/Projects/github-play/fantastic-parakeet/vendor/laravel/framework/src/Illuminate/Foundation/Http/Kernel.php(216): Illuminate\\Foundation\\Http\\Kernel->terminateMiddleware(Object(Illuminate\\Http\\Request), Object(Illuminate\\Http\\Response))
#18 /Users/aldoyh/Projects/github-play/fantastic-parakeet/public/index.php(60): Illuminate\\Foundation\\Http\\Kernel->terminate(Object(Illuminate\\Http\\Request), Object(Illuminate\\Http\\Response))
#19 /Users/aldoyh/Projects/github-play/fantastic-parakeet/server.php(21): require_once('/Users/aldoyh/P...')
#20 {main}
"} 
[2025-01-20 15:09:19] production.ERROR: No application encryption key has been specified. {"exception":"[object] (Illuminate\\Encryption\\MissingAppKeyException(code: 0): No application encryption key has been specified. at /Users/aldoyh/Projects/github-play/fantastic-parakeet/vendor/laravel/framework/src/Illuminate/Encryption/EncryptionServiceProvider.php:83)
[stacktrace]
#0 /Users/aldoyh/Projects/github-play/fantastic-parakeet/vendor/laravel/framework/src/Illuminate/Support/helpers.php(399): Illuminate\\Encryption\\EncryptionServiceProvider->Illuminate\\Encryption\\{closure}(NULL)
#1 /Users/aldoyh/Projects/github-play/fantastic-parakeet/vendor/laravel/framework/src/Illuminate/Encryption/EncryptionServiceProvider.php(81): tap(NULL, Object(Closure))
#2 /Users/aldoyh/Projects/github-play/fantastic-parakeet/vendor/laravel/framework/src/Illuminate/Encryption/EncryptionServiceProvider.php(64): Illuminate\\Encryption\\EncryptionServiceProvider->key(Array)
#3 /Users/aldoyh/Projects/github-play/fantastic-parakeet/vendor/laravel/framework/src/Illuminate/Encryption/EncryptionServiceProvider.php(32): Illuminate\\Encryption\\EncryptionServiceProvider->parseKey(Array)
#4 /Users/aldoyh/Projects/github-play/fantastic-parakeet/vendor/laravel/framework/src/Illuminate/Container/Container.php(937): Illuminate\\Encryption\\EncryptionServiceProvider->Illuminate\\Encryption\\{closure}(Object(Illuminate\\Foundation\\Application), Array)
#5 /Users/aldoyh/Projects/github-play/fantastic-parakeet/vendor/laravel/framework/src/Illuminate/Container/Container.php(819): Illuminate\\Container\\Container->build(Object(Closure))
#6 /Users/aldoyh/Projects/github-play/fantastic-parakeet/vendor/laravel/framework/src/Illuminate/Foundation/Application.php(1051): Illuminate\\Container\\Container->resolve('encrypter', Array, true)
#7 /Users/aldoyh/Projects/github-play/fantastic-parakeet/vendor/laravel/framework/src/Illuminate/Container/Container.php(755): Illuminate\\Foundation\\Application->resolve('encrypter', Array)
#8 /Users/aldoyh/Projects/github-play/fantastic-parakeet/vendor/laravel/framework/src/Illuminate/Foundation/Application.php(1033): Illuminate\\Container\\Container->make('encrypter', Array)
#9 /Users/aldoyh/Projects/github-play/fantastic-parakeet/vendor/laravel/framework/src/Illuminate/Container/Container.php(1118): Illuminate\\Foundation\\Application->make('encrypter')
#10 /Users/aldoyh/Projects/github-play/fantastic-parakeet/vendor/laravel/framework/src/Illuminate/Container/Container.php(1028): Illuminate\\Container\\Container->resolveClass(Object(ReflectionParameter))
#11 /Users/aldoyh/Projects/github-play/fantastic-parakeet/vendor/laravel/framework/src/Illuminate/Container/Container.php(979): Illuminate\\Container\\Container->resolveDependencies(Array)
#12 /Users/aldoyh/Projects/github-play/fantastic-parakeet/vendor/laravel/framework/src/Illuminate/Container/Container.php(819): Illuminate\\Container\\Container->build('App\\\\Http\\\\Middle...')
#13 /Users/aldoyh/Projects/github-play/fantastic-parakeet/vendor/laravel/framework/src/Illuminate/Foundation/Application.php(1051): Illuminate\\Container\\Container->resolve('App\\\\Http\\\\Middle...', Array, true)
#14 /Users/aldoyh/Projects/github-play/fantastic-parakeet/vendor/laravel/framework/src/Illuminate/Container/Container.php(755): Illuminate\\Foundation\\Application->resolve('App\\\\Http\\\\Middle...', Array)
#15 /Users/aldoyh/Projects/github-play/fantastic-parakeet/vendor/laravel/framework/src/Illuminate/Foundation/Application.php(1033): Illuminate\\Container\\Container->make('App\\\\Http\\\\Middle...', Array)
#16 /Users/aldoyh/Projects/github-play/fantastic-parakeet/vendor/laravel/framework/src/Illuminate/Pipeline/Pipeline.php(198): Illuminate\\Foundation\\Application->make('App\\\\Http\\\\Middle...')
#17 /Users/aldoyh/Projects/github-play/fantastic-parakeet/vendor/laravel/framework/src/Illuminate/Pipeline/Pipeline.php(127): Illuminate\\Pipeline\\Pipeline->Illuminate\\Pipeline\\{closure}(Object(Illuminate\\Http\\Request))
#18 /Users/aldoyh/Projects/github-play/fantastic-parakeet/vendor/laravel/framework/src/Illuminate/Routing/Router.php(807): Illuminate\\Pipeline\\Pipeline->then(Object(Closure))
#19 /Users/aldoyh/Projects/github-play/fantastic-parakeet/vendor/laravel/framework/src/Illuminate/Routing/Router.php(786): Illuminate\\Routing\\Router->runRouteWithinStack(Object(Illuminate\\Routing\\Route), Object(Illuminate\\Http\\Request))
#20 /Users/aldoyh/Projects/github-play/fantastic-parakeet/vendor/laravel/framework/src/Illuminate/Routing/Router.php(750): Illuminate\\Routing\\Router->runRoute(Object(Illuminate\\Http\\Request), Object(Illuminate\\Routing\\Route))
#21 /Users/aldoyh/Projects/github-play/fantastic-parakeet/vendor/laravel/framework/src/Illuminate/Routing/Router.php(739): Illuminate\\Routing\\Router->dispatchToRoute(Object(Illuminate\\Http\\Request))
#22 /Users/aldoyh/Projects/github-play/fantastic-parakeet/vendor/laravel/framework/src/Illuminate/Foundation/Http/Kernel.php(201): Illuminate\\Routing\\Router->dispatch(Object(Illuminate\\Http\\Request))
#23 /Users/aldoyh/Projects/github-play/fantastic-parakeet/vendor/laravel/framework/src/Illuminate/Pipeline/Pipeline.php(170): Illuminate\\Foundation\\Http\\Kernel->Illuminate\\Foundation\\Http\\{closure}(Object(Illuminate\\Http\\Request))
#24 /Users/aldoyh/Projects/github-play/fantastic-parakeet/vendor/laravel/framework/src/Illuminate/Http/Middleware/TrustProxies.php(58): Illuminate\\Pipeline\\Pipeline->Illuminate\\Pipeline\\{closure}(Object(Illuminate\\Http\\Request))
#25 /Users/aldoyh/Projects/github-play/fantastic-parakeet/vendor/laravel/framework/src/Illuminate/Pipeline/Pipeline.php(209): Illuminate\\Http\\Middleware\\TrustProxies->handle(Object(Illuminate\\Http\\Request), Object(Closure))
#26 /Users/aldoyh/Projects/github-play/fantastic-parakeet/vendor/laravel/framework/src/Illuminate/Foundation/Http/Middleware/TransformsRequest.php(21): Illuminate\\Pipeline\\Pipeline->Illuminate\\Pipeline\\{closure}(Object(Illuminate\\Http\\Request))
#27 /Users/aldoyh/Projects/github-play/fantastic-parakeet/vendor/laravel/framework/src/Illuminate/Foundation/Http/Middleware/ConvertEmptyStringsToNull.php(31): Illuminate\\Foundation\\Http\\Middleware\\TransformsRequest->handle(Object(Illuminate\\Http\\Request), Object(Closure))
#28 /Users/aldoyh/Projects/github-play/fantastic-parakeet/vendor/laravel/framework/src/Illuminate/Pipeline/Pipeline.php(209): Illuminate\\Foundation\\Http\\Middleware\\ConvertEmptyStringsToNull->handle(Object(Illuminate\\Http\\Request), Object(Closure))
#29 /Users/aldoyh/Projects/github-play/fantastic-parakeet/vendor/laravel/framework/src/Illuminate/Foundation/Http/Middleware/TransformsRequest.php(21): Illuminate\\Pipeline\\Pipeline->Illuminate\\Pipeline\\{closure}(Object(Illuminate\\Http\\Request))
#30 /Users/aldoyh/Projects/github-play/fantastic-parakeet/vendor/laravel/framework/src/Illuminate/Foundation/Http/Middleware/TrimStrings.php(51): Illuminate\\Foundation\\Http\\Middleware\\TransformsRequest->handle(Object(Illuminate\\Http\\Request), Object(Closure))
#31 /Users/aldoyh/Projects/github-play/fantastic-parakeet/vendor/laravel/framework/src/Illuminate/Pipeline/Pipeline.php(209): Illuminate\\Foundation\\Http\\Middleware\\TrimStrings->handle(Object(Illuminate\\Http\\Request), Object(Closure))
#32 /Users/aldoyh/Projects/github-play/fantastic-parakeet/vendor/laravel/framework/src/Illuminate/Http/Middleware/ValidatePostSize.php(27): Illuminate\\Pipeline\\Pipeline->Illuminate\\Pipeline\\{closure}(Object(Illuminate\\Http\\Request))
#33 /Users/aldoyh/Projects/github-play/fantastic-parakeet/vendor/laravel/framework/src/Illuminate/Pipeline/Pipeline.php(209): Illuminate\\Http\\Middleware\\ValidatePostSize->handle(Object(Illuminate\\Http\\Request), Object(Closure))
#34 /Users/aldoyh/Projects/github-play/fantastic-parakeet/vendor/laravel/framework/src/Illuminate/Foundation/Http/Middleware/PreventRequestsDuringMaintenance.php(110): Illuminate\\Pipeline\\Pipeline->Illuminate\\Pipeline\\{closure}(Object(Illuminate\\Http\\Request))
#35 /Users/aldoyh/Projects/github-play/fantastic-parakeet/vendor/laravel/framework/src/Illuminate/Pipeline/Pipeline.php(209): Illuminate\\Foundation\\Http\\Middleware\\PreventRequestsDuringMaintenance->handle(Object(Illuminate\\Http\\Request), Object(Closure))
#36 /Users/aldoyh/Projects/github-play/fantastic-parakeet/vendor/laravel/framework/src/Illuminate/Pipeline/Pipeline.php(127): Illuminate\\Pipeline\\Pipeline->Illuminate\\Pipeline\\{closure}(Object(Illuminate\\Http\\Request))
#37 /Users/aldoyh/Projects/github-play/fantastic-parakeet/vendor/laravel/framework/src/Illuminate/Foundation/Http/Kernel.php(176): Illuminate\\Pipeline\\Pipeline->then(Object(Closure))
#38 /Users/aldoyh/Projects/github-play/fantastic-parakeet/vendor/laravel/framework/src/Illuminate/Foundation/Http/Kernel.php(145): Illuminate\\Foundation\\Http\\Kernel->sendRequestThroughRouter(Object(Illuminate\\Http\\Request))
#39 /Users/aldoyh/Projects/github-play/fantastic-parakeet/public/index.php(54): Illuminate\\Foundation\\Http\\Kernel->handle(Object(Illuminate\\Http\\Request))
#40 /Users/aldoyh/Projects/github-play/fantastic-parakeet/server.php(21): require_once('/Users/aldoyh/P...')
#41 {main}
"} 
[2025-01-20 15:09:19] production.ERROR: No application encryption key has been specified. {"exception":"[object] (Illuminate\\Encryption\\MissingAppKeyException(code: 0): No application encryption key has been specified. at /Users/aldoyh/Projects/github-play/fantastic-parakeet/vendor/laravel/framework/src/Illuminate/Encryption/EncryptionServiceProvider.php:83)
[stacktrace]
#0 /Users/aldoyh/Projects/github-play/fantastic-parakeet/vendor/laravel/framework/src/Illuminate/Support/helpers.php(399): Illuminate\\Encryption\\EncryptionServiceProvider->Illuminate\\Encryption\\{closure}(NULL)
#1 /Users/aldoyh/Projects/github-play/fantastic-parakeet/vendor/laravel/framework/src/Illuminate/Encryption/EncryptionServiceProvider.php(81): tap(NULL, Object(Closure))
#2 /Users/aldoyh/Projects/github-play/fantastic-parakeet/vendor/laravel/framework/src/Illuminate/Encryption/EncryptionServiceProvider.php(64): Illuminate\\Encryption\\EncryptionServiceProvider->key(Array)
#3 /Users/aldoyh/Projects/github-play/fantastic-parakeet/vendor/laravel/framework/src/Illuminate/Encryption/EncryptionServiceProvider.php(32): Illuminate\\Encryption\\EncryptionServiceProvider->parseKey(Array)
#4 /Users/aldoyh/Projects/github-play/fantastic-parakeet/vendor/laravel/framework/src/Illuminate/Container/Container.php(937): Illuminate\\Encryption\\EncryptionServiceProvider->Illuminate\\Encryption\\{closure}(Object(Illuminate\\Foundation\\Application), Array)
#5 /Users/aldoyh/Projects/github-play/fantastic-parakeet/vendor/laravel/framework/src/Illuminate/Container/Container.php(819): Illuminate\\Container\\Container->build(Object(Closure))
#6 /Users/aldoyh/Projects/github-play/fantastic-parakeet/vendor/laravel/framework/src/Illuminate/Foundation/Application.php(1051): Illuminate\\Container\\Container->resolve('encrypter', Array, true)
#7 /Users/aldoyh/Projects/github-play/fantastic-parakeet/vendor/laravel/framework/src/Illuminate/Container/Container.php(755): Illuminate\\Foundation\\Application->resolve('encrypter', Array)
#8 /Users/aldoyh/Projects/github-play/fantastic-parakeet/vendor/laravel/framework/src/Illuminate/Foundation/Application.php(1033): Illuminate\\Container\\Container->make('encrypter', Array)
#9 /Users/aldoyh/Projects/github-play/fantastic-parakeet/vendor/laravel/framework/src/Illuminate/Container/Container.php(1118): Illuminate\\Foundation\\Application->make('encrypter')
#10 /Users/aldoyh/Projects/github-play/fantastic-parakeet/vendor/laravel/framework/src/Illuminate/Container/Container.php(1028): Illuminate\\Container\\Container->resolveClass(Object(ReflectionParameter))
#11 /Users/aldoyh/Projects/github-play/fantastic-parakeet/vendor/laravel/framework/src/Illuminate/Container/Container.php(979): Illuminate\\Container\\Container->resolveDependencies(Array)
#12 /Users/aldoyh/Projects/github-play/fantastic-parakeet/vendor/laravel/framework/src/Illuminate/Container/Container.php(819): Illuminate\\Container\\Container->build('App\\\\Http\\\\Middle...')
#13 /Users/aldoyh/Projects/github-play/fantastic-parakeet/vendor/laravel/framework/src/Illuminate/Foundation/Application.php(1051): Illuminate\\Container\\Container->resolve('App\\\\Http\\\\Middle...', Array, true)
#14 /Users/aldoyh/Projects/github-play/fantastic-parakeet/vendor/laravel/framework/src/Illuminate/Container/Container.php(755): Illuminate\\Foundation\\Application->resolve('App\\\\Http\\\\Middle...', Array)
#15 /Users/aldoyh/Projects/github-play/fantastic-parakeet/vendor/laravel/framework/src/Illuminate/Foundation/Application.php(1033): Illuminate\\Container\\Container->make('App\\\\Http\\\\Middle...', Array)
#16 /Users/aldoyh/Projects/github-play/fantastic-parakeet/vendor/laravel/framework/src/Illuminate/Foundation/Http/Kernel.php(258): Illuminate\\Foundation\\Application->make('App\\\\Http\\\\Middle...')
#17 /Users/aldoyh/Projects/github-play/fantastic-parakeet/vendor/laravel/framework/src/Illuminate/Foundation/Http/Kernel.php(216): Illuminate\\Foundation\\Http\\Kernel->terminateMiddleware(Object(Illuminate\\Http\\Request), Object(Illuminate\\Http\\Response))
#18 /Users/aldoyh/Projects/github-play/fantastic-parakeet/public/index.php(60): Illuminate\\Foundation\\Http\\Kernel->terminate(Object(Illuminate\\Http\\Request), Object(Illuminate\\Http\\Response))
#19 /Users/aldoyh/Projects/github-play/fantastic-parakeet/server.php(21): require_once('/Users/aldoyh/P...')
#20 {main}
"} 
[2025-01-20 15:09:32] production.ERROR: file_get_contents(/Users/aldoyh/Projects/github-play/fantastic-parakeet/.env): Failed to open stream: No such file or directory {"exception":"[object] (ErrorException(code: 0): file_get_contents(/Users/aldoyh/Projects/github-play/fantastic-parakeet/.env): Failed to open stream: No such file or directory at /Users/aldoyh/Projects/github-play/fantastic-parakeet/vendor/laravel/framework/src/Illuminate/Foundation/Console/KeyGenerateCommand.php:100)
[stacktrace]
#0 /Users/aldoyh/Projects/github-play/fantastic-parakeet/vendor/laravel/framework/src/Illuminate/Foundation/Bootstrap/HandleExceptions.php(290): Illuminate\\Foundation\\Bootstrap\\HandleExceptions->handleError(2, 'file_get_conten...', '/Users/aldoyh/P...', 100)
#1 [internal function]: Illuminate\\Foundation\\Bootstrap\\HandleExceptions->Illuminate\\Foundation\\Bootstrap\\{closure}(2, 'file_get_conten...', '/Users/aldoyh/P...', 100)
#2 /Users/aldoyh/Projects/github-play/fantastic-parakeet/vendor/laravel/framework/src/Illuminate/Foundation/Console/KeyGenerateCommand.php(100): file_get_contents('/Users/aldoyh/P...')
#3 /Users/aldoyh/Projects/github-play/fantastic-parakeet/vendor/laravel/framework/src/Illuminate/Foundation/Console/KeyGenerateCommand.php(82): Illuminate\\Foundation\\Console\\KeyGenerateCommand->writeNewEnvironmentFileWith('base64:zB34NSyQ...')
#4 /Users/aldoyh/Projects/github-play/fantastic-parakeet/vendor/laravel/framework/src/Illuminate/Foundation/Console/KeyGenerateCommand.php(47): Illuminate\\Foundation\\Console\\KeyGenerateCommand->setKeyInEnvironmentFile('base64:zB34NSyQ...')
#5 /Users/aldoyh/Projects/github-play/fantastic-parakeet/vendor/laravel/framework/src/Illuminate/Container/BoundMethod.php(36): Illuminate\\Foundation\\Console\\KeyGenerateCommand->handle()
#6 /Users/aldoyh/Projects/github-play/fantastic-parakeet/vendor/laravel/framework/src/Illuminate/Container/Util.php(43): Illuminate\\Container\\BoundMethod::Illuminate\\Container\\{closure}()
#7 /Users/aldoyh/Projects/github-play/fantastic-parakeet/vendor/laravel/framework/src/Illuminate/Container/BoundMethod.php(95): Illuminate\\Container\\Util::unwrapIfClosure(Object(Closure))
#8 /Users/aldoyh/Projects/github-play/fantastic-parakeet/vendor/laravel/framework/src/Illuminate/Container/BoundMethod.php(35): Illuminate\\Container\\BoundMethod::callBoundMethod(Object(Illuminate\\Foundation\\Application), Array, Object(Closure))
#9 /Users/aldoyh/Projects/github-play/fantastic-parakeet/vendor/laravel/framework/src/Illuminate/Container/Container.php(694): Illuminate\\Container\\BoundMethod::call(Object(Illuminate\\Foundation\\Application), Array, Array, NULL)
#10 /Users/aldoyh/Projects/github-play/fantastic-parakeet/vendor/laravel/framework/src/Illuminate/Console/Command.php(213): Illuminate\\Container\\Container->call(Array)
#11 /Users/aldoyh/Projects/github-play/fantastic-parakeet/vendor/symfony/console/Command/Command.php(279): Illuminate\\Console\\Command->execute(Object(Symfony\\Component\\Console\\Input\\ArgvInput), Object(Illuminate\\Console\\OutputStyle))
#12 /Users/aldoyh/Projects/github-play/fantastic-parakeet/vendor/laravel/framework/src/Illuminate/Console/Command.php(182): Symfony\\Component\\Console\\Command\\Command->run(Object(Symfony\\Component\\Console\\Input\\ArgvInput), Object(Illuminate\\Console\\OutputStyle))
#13 /Users/aldoyh/Projects/github-play/fantastic-parakeet/vendor/symfony/console/Application.php(1094): Illuminate\\Console\\Command->run(Object(Symfony\\Component\\Console\\Input\\ArgvInput), Object(Symfony\\Component\\Console\\Output\\ConsoleOutput))
#14 /Users/aldoyh/Projects/github-play/fantastic-parakeet/vendor/symfony/console/Application.php(342): Symfony\\Component\\Console\\Application->doRunCommand(Object(Illuminate\\Foundation\\Console\\KeyGenerateCommand), Object(Symfony\\Component\\Console\\Input\\ArgvInput), Object(Symfony\\Component\\Console\\Output\\ConsoleOutput))
#15 /Users/aldoyh/Projects/github-play/fantastic-parakeet/vendor/symfony/console/Application.php(193): Symfony\\Component\\Console\\Application->doRun(Object(Symfony\\Component\\Console\\Input\\ArgvInput), Object(Symfony\\Component\\Console\\Output\\ConsoleOutput))
#16 /Users/aldoyh/Projects/github-play/fantastic-parakeet/vendor/laravel/framework/src/Illuminate/Foundation/Console/Kernel.php(198): Symfony\\Component\\Console\\Application->run(Object(Symfony\\Component\\Console\\Input\\ArgvInput), Object(Symfony\\Component\\Console\\Output\\ConsoleOutput))
#17 /Users/aldoyh/Projects/github-play/fantastic-parakeet/artisan(35): Illuminate\\Foundation\\Console\\Kernel->handle(Object(Symfony\\Component\\Console\\Input\\ArgvInput), Object(Symfony\\Component\\Console\\Output\\ConsoleOutput))
#18 {main}
"} 
